<?xml version="1.0" encoding="UTF-8"?>
<!-- Generated by org.testng.reporters.JUnitXMLReporter -->
<testsuite ignored="0" hostname="LAPTOP-QHUGIABV" failures="1" tests="2" name="Test" time="12.456" errors="0" timestamp="2024-09-29T13:19:00 EDT">
  <testcase classname="testCases.AccountRegistrationTest" name="validateAccountRegistration" time="2.07">
    <failure type="java.lang.AssertionError" message="expected [Your Account Has Been Created!!] but found [Your Account Has Been Created!]">
      <![CDATA[java.lang.AssertionError: expected [Your Account Has Been Created!!] but found [Your Account Has Been Created!]
at testCases.AccountRegistrationTest.validateAccountRegistration(AccountRegistrationTest.java:43)
at java.base/java.util.ArrayList.forEach(ArrayList.java:1596)
... Removed 31 stack frames]]>
    </failure>
  </testcase> <!-- validateAccountRegistration -->
  <testcase classname="testCases.LoginTest" name="validateLogin" time="1.497"/>
</testsuite> <!-- Test -->
